[    0.000000] Initializing cgroup subsys cpuset
[    0.000000] Initializing cgroup subsys cpu
[    0.000000] Initializing cgroup subsys cpuacct
[    0.000000] Linux version 4.4.0-140-generic (buildd@lcy01-amd64-006) (gcc version 5.4.0 20160609 (Ubuntu 5.4.0-6ubuntu1~16.04.10) ) #166-Ubuntu SMP Wed Nov 14 20:09:47 UTC 2018 (Ubuntu 4.4.0-140.166-generic 4.4.162)
[    0.000000] Command line: BOOT_IMAGE=/boot/vmlinuz-4.4.0-140-generic root=LABEL=cloudimg-rootfs ro console=tty1 console=ttyS0
[    0.000000] KERNEL supported cpus:
[    0.000000]   Intel GenuineIntel
[    0.000000]   AMD AuthenticAMD
[    0.000000]   Centaur CentaurHauls
[    0.000000] ------------[ cut here ]------------
[    0.000000] WARNING: CPU: 0 PID: 0 at /build/linux-wWyv2Z/linux-4.4.0/arch/x86/kernel/fpu/xstate.c:517 fpu__init_system_xstate+0x37e/0x764()
[    0.000000] XSAVE consistency problem, dumping leaves
[    0.000000] Modules linked in:
[    0.000000] CPU: 0 PID: 0 Comm: swapper Not tainted 4.4.0-140-generic #166-Ubuntu
[    0.000000]  0000000000000086 977d3652a88484d1 ffffffff81e03d70 ffffffff814055d3
[    0.000000]  ffffffff81e03db8 ffffffff81cad750 ffffffff81e03da8 ffffffff810850d2
[    0.000000]  0000000000000008 0000000000000340 0000000000000100 ffffffff81e03e3c
[    0.000000] Call Trace:
[    0.000000]  [<ffffffff814055d3>] dump_stack+0x63/0x90
[    0.000000]  [<ffffffff810850d2>] warn_slowpath_common+0x82/0xc0
[    0.000000]  [<ffffffff8108516c>] warn_slowpath_fmt+0x5c/0x80
[    0.000000]  [<ffffffff81080be4>] ? xfeature_size+0x59/0x77
[    0.000000]  [<ffffffff81f731e3>] fpu__init_system_xstate+0x37e/0x764
[    0.000000]  [<ffffffff81f63120>] ? early_idt_handler_array+0x120/0x120
[    0.000000]  [<ffffffff81f72bec>] fpu__init_system+0x1e7/0x28e
[    0.000000]  [<ffffffff81f73dc6>] early_cpu_init+0x210/0x216
[    0.000000]  [<ffffffff81f73dc6>] ? early_cpu_init+0x210/0x216
[    0.000000]  [<ffffffff81f6f19b>] setup_arch+0xc0/0xd1f
[    0.000000]  [<ffffffff81f63120>] ? early_idt_handler_array+0x120/0x120
[    0.000000]  [<ffffffff81f63c75>] start_kernel+0xe2/0x4a4
[    0.000000]  [<ffffffff81f63120>] ? early_idt_handler_array+0x120/0x120
[    0.000000]  [<ffffffff81f63339>] x86_64_start_reservations+0x2a/0x2c
[    0.000000]  [<ffffffff81f63485>] x86_64_start_kernel+0x14a/0x16d
[    0.000000] ---[ end trace 4d5ff9f2f68c4233 ]---
[    0.000000] CPUID[0d, 00]: eax=00000007 ebx=00000440 ecx=00000440 edx=00000000
[    0.000000] CPUID[0d, 01]: eax=00000000 ebx=000003c0 ecx=00000000 edx=00000000
[    0.000000] CPUID[0d, 02]: eax=00000100 ebx=00000240 ecx=00000000 edx=00000000
[    0.000000] CPUID[0d, 03]: eax=00000000 ebx=00000000 ecx=00000000 edx=00000000
[    0.000000] CPUID[0d, 04]: eax=00000000 ebx=00000000 ecx=00000000 edx=00000000
[    0.000000] CPUID[0d, 05]: eax=00000000 ebx=00000000 ecx=00000000 edx=00000000
[    0.000000] CPUID[0d, 06]: eax=00000000 ebx=00000000 ecx=00000000 edx=00000000
[    0.000000] CPUID[0d, 07]: eax=00000000 ebx=00000000 ecx=00000000 edx=00000000
[    0.000000] CPUID[0d, 08]: eax=00000000 ebx=00000000 ecx=00000000 edx=00000000
[    0.000000] CPUID[0d, 09]: eax=00000000 ebx=00000000 ecx=00000000 edx=00000000
[    0.000000] CPUID[0d, 0a]: eax=00000000 ebx=00000000 ecx=00000000 edx=00000000
[    0.000000] CPUID[0d, 0b]: eax=00000000 ebx=00000000 ecx=00000000 edx=00000000
[    0.000000] CPUID[0d, 0c]: eax=00000000 ebx=00000000 ecx=00000000 edx=00000000
[    0.000000] CPUID[0d, 0d]: eax=00000000 ebx=00000000 ecx=00000000 edx=00000000
[    0.000000] CPUID[0d, 0e]: eax=00000000 ebx=00000000 ecx=00000000 edx=00000000
[    0.000000] CPUID[0d, 0f]: eax=00000000 ebx=00000000 ecx=00000000 edx=00000000
[    0.000000] CPUID[0d, 10]: eax=00000000 ebx=00000000 ecx=00000000 edx=00000000
[    0.000000] CPUID[0d, 11]: eax=00000000 ebx=00000000 ecx=00000000 edx=00000000
[    0.000000] x86/fpu: xstate_offset[2]:  576, xstate_sizes[2]:  256
[    0.000000] x86/fpu: Supporting XSAVE feature 0x01: 'x87 floating point registers'
[    0.000000] x86/fpu: Supporting XSAVE feature 0x02: 'SSE registers'
[    0.000000] x86/fpu: Supporting XSAVE feature 0x04: 'AVX registers'
[    0.000000] x86/fpu: Enabled xstate features 0x7, context size is 1088 bytes, using 'standard' format.
[    0.000000] e820: BIOS-provided physical RAM map:
[    0.000000] BIOS-e820: [mem 0x0000000000000000-0x000000000009fbff] usable
[    0.000000] BIOS-e820: [mem 0x000000000009fc00-0x000000000009ffff] reserved
[    0.000000] BIOS-e820: [mem 0x00000000000f0000-0x00000000000fffff] reserved
[    0.000000] BIOS-e820: [mem 0x0000000000100000-0x000000003ffeffff] usable
[    0.000000] BIOS-e820: [mem 0x000000003fff0000-0x000000003fffffff] ACPI data
[    0.000000] BIOS-e820: [mem 0x00000000fec00000-0x00000000fec00fff] reserved
[    0.000000] BIOS-e820: [mem 0x00000000fee00000-0x00000000fee00fff] reserved
[    0.000000] BIOS-e820: [mem 0x00000000fffc0000-0x00000000ffffffff] reserved
[    0.000000] NX (Execute Disable) protection: active
[    0.000000] SMBIOS 2.5 present.
[    0.000000] Hypervisor detected: KVM
[    0.000000] e820: last_pfn = 0x3fff0 max_arch_pfn = 0x400000000
[    0.000000] MTRR: Disabled
[    0.000000] x86/PAT: MTRRs disabled, skipping PAT initialization too.
[    0.000000] CPU MTRRs all blank - virtualized system.
[    0.000000] x86/PAT: Configuration [0-7]: WB  WT  UC- UC  WB  WT  UC- UC  
[    0.000000] found SMP MP-table at [mem 0x0009fff0-0x0009ffff] mapped at [ffff88000009fff0]
[    0.000000] Scanning 1 areas for low memory corruption
[    0.000000] RAMDISK: [mem 0x3630c000-0x3717dfff]
[    0.000000] ACPI: Early table checksum verification disabled
[    0.000000] ACPI: RSDP 0x00000000000E0000 000024 (v02 VBOX  )
[    0.000000] ACPI: XSDT 0x000000003FFF0030 00003C (v01 VBOX   VBOXXSDT 00000001 ASL  00000061)
[    0.000000] ACPI: FACP 0x000000003FFF00F0 0000F4 (v04 VBOX   VBOXFACP 00000001 ASL  00000061)
[    0.000000] ACPI: DSDT 0x000000003FFF0470 0021FF (v02 VBOX   VBOXBIOS 00000002 INTL 20160108)
[    0.000000] ACPI: FACS 0x000000003FFF0200 000040
[    0.000000] ACPI: FACS 0x000000003FFF0200 000040
[    0.000000] ACPI: APIC 0x000000003FFF0240 00005C (v02 VBOX   VBOXAPIC 00000001 ASL  00000061)
[    0.000000] ACPI: SSDT 0x000000003FFF02A0 0001CC (v01 VBOX   VBOXCPUT 00000002 INTL 20160108)
[    0.000000] No NUMA configuration found
[    0.000000] Faking a node at [mem 0x0000000000000000-0x000000003ffeffff]
[    0.000000] NODE_DATA(0) allocated [mem 0x3ffeb000-0x3ffeffff]
[    0.000000] kvm-clock: Using msrs 4b564d01 and 4b564d00
[    0.000000] kvm-clock: cpu 0, msr 0:3ffe3001, primary cpu clock
[    0.000000] kvm-clock: using sched offset of 3154978921 cycles
[    0.000000] clocksource: kvm-clock: mask: 0xffffffffffffffff max_cycles: 0x1cd42e4dffb, max_idle_ns: 881590591483 ns
[    0.000000] Zone ranges:
[    0.000000]   DMA      [mem 0x0000000000001000-0x0000000000ffffff]
[    0.000000]   DMA32    [mem 0x0000000001000000-0x000000003ffeffff]
[    0.000000]   Normal   empty
[    0.000000]   Device   empty
[    0.000000] Movable zone start for each node
[    0.000000] Early memory node ranges
[    0.000000]   node   0: [mem 0x0000000000001000-0x000000000009efff]
[    0.000000]   node   0: [mem 0x0000000000100000-0x000000003ffeffff]
[    0.000000] Initmem setup node 0 [mem 0x0000000000001000-0x000000003ffeffff]
[    0.000000] ACPI: PM-Timer IO Port: 0x4008
[    0.000000] IOAPIC[0]: apic_id 2, version 32, address 0xfec00000, GSI 0-23
[    0.000000] ACPI: INT_SRC_OVR (bus 0 bus_irq 0 global_irq 2 dfl dfl)
[    0.000000] ACPI: INT_SRC_OVR (bus 0 bus_irq 9 global_irq 9 high level)
[    0.000000] Using ACPI (MADT) for SMP configuration information
[    0.000000] smpboot: Allowing 2 CPUs, 0 hotplug CPUs
[    0.000000] PM: Registered nosave memory: [mem 0x00000000-0x00000fff]
[    0.000000] PM: Registered nosave memory: [mem 0x0009f000-0x0009ffff]
[    0.000000] PM: Registered nosave memory: [mem 0x000a0000-0x000effff]
[    0.000000] PM: Registered nosave memory: [mem 0x000f0000-0x000fffff]
[    0.000000] e820: [mem 0x40000000-0xfebfffff] available for PCI devices
[    0.000000] Booting paravirtualized kernel on KVM
[    0.000000] clocksource: refined-jiffies: mask: 0xffffffff max_cycles: 0xffffffff, max_idle_ns: 7645519600211568 ns
[    0.000000] setup_percpu: NR_CPUS:512 nr_cpumask_bits:512 nr_cpu_ids:2 nr_node_ids:1
[    0.000000] PERCPU: Embedded 34 pages/cpu @ffff88003fc00000 s99608 r8192 d31464 u1048576
[    0.000000] PV qspinlock hash table entries: 256 (order: 0, 4096 bytes)
[    0.000000] Built 1 zonelists in Node order, mobility grouping on.  Total pages: 257912
[    0.000000] Policy zone: DMA32
[    0.000000] Kernel command line: BOOT_IMAGE=/boot/vmlinuz-4.4.0-140-generic root=LABEL=cloudimg-rootfs ro console=tty1 console=ttyS0
[    0.000000] PID hash table entries: 4096 (order: 3, 32768 bytes)
[    0.000000] Memory: 997712K/1048120K available (8564K kernel code, 1314K rwdata, 4008K rodata, 1528K init, 1316K bss, 50408K reserved, 0K cma-reserved)
[    0.000000] SLUB: HWalign=64, Order=0-3, MinObjects=0, CPUs=2, Nodes=1
[    0.000000] Kernel/User page tables isolation: enabled
[    0.000000] Hierarchical RCU implementation.
[    0.000000] 	Build-time adjustment of leaf fanout to 64.
[    0.000000] 	RCU restricting CPUs from NR_CPUS=512 to nr_cpu_ids=2.
[    0.000000] RCU: Adjusting geometry for rcu_fanout_leaf=64, nr_cpu_ids=2
[    0.000000] NR_IRQS:33024 nr_irqs:440 16
[    0.000000] Console: colour VGA+ 80x25
[    0.000000] console [tty1] enabled
[    0.000000] console [ttyS0] enabled
[    0.000000] tsc: Detected 2496.010 MHz processor
[    5.699592] Calibrating delay loop (skipped) preset value.. 4992.02 BogoMIPS (lpj=9984040)
[    5.819391] pid_max: default: 32768 minimum: 301
[    5.872551] ACPI: Core revision 20150930
[    5.887746] ACPI: 2 ACPI AML tables successfully acquired and loaded
[    5.888871] Security Framework initialized
[    5.889584] Yama: becoming mindful.
[    5.890233] AppArmor: AppArmor initialized
[    5.891009] Dentry cache hash table entries: 131072 (order: 8, 1048576 bytes)
[    5.892730] Inode-cache hash table entries: 65536 (order: 7, 524288 bytes)
[    5.971290] Mount-cache hash table entries: 2048 (order: 2, 16384 bytes)
[    6.066905] Mountpoint-cache hash table entries: 2048 (order: 2, 16384 bytes)
[    6.169003] Initializing cgroup subsys io
[    6.225530] Initializing cgroup subsys memory
[    6.297944] Initializing cgroup subsys devices
[    6.337741] Initializing cgroup subsys freezer
[    6.338489] Initializing cgroup subsys net_cls
[    6.357583] Initializing cgroup subsys perf_event
[    6.426004] Initializing cgroup subsys net_prio
[    6.480387] Initializing cgroup subsys hugetlb
[    6.550784] Initializing cgroup subsys pids
[    6.613023] mce: CPU supports 0 MCE banks
[    6.672796] Last level iTLB entries: 4KB 64, 2MB 8, 4MB 8
[    6.759356] Last level dTLB entries: 4KB 64, 2MB 0, 4MB 0, 1GB 4
[    6.840939] Spectre V2 : Mitigation: Full generic retpoline
[    6.925563] Spectre V2 : Spectre v2 mitigation: Speculation control IBPB not-supported IBRS not-supported
[    7.093592] Spectre V2 : Spectre v2 / SpectreRSB mitigation: Filling RSB on context switch
[    7.226719] Speculative Store Bypass: Vulnerable
[    7.298729] Freeing SMP alternatives memory: 32K
[    7.372684] ftrace: allocating 32287 entries in 127 pages
[    7.507483] smpboot: APIC(0) Converting physical 0 to logical package 0
[    7.612518] smpboot: Max logical packages: 1
[    7.686712] x2apic enabled
[    7.732305] Switched APIC routing to physical x2apic.
[    7.805637] ..TIMER: vector=0x30 apic1=0 pin1=2 apic2=-1 pin2=-1
[    7.992228] smpboot: CPU0: Intel(R) Core(TM) i5-6300U CPU @ 2.40GHz (family: 0x6, model: 0x4e, stepping: 0x3)
[    8.133787] Performance Events: unsupported p6 CPU model 78 no PMU driver, software events only.
[    8.269683] KVM setup paravirtual spinlock
[    8.334970] x86: Booting SMP configuration:
[    8.405636] .... node  #0, CPUs:      #1
[    8.447305] kvm-clock: cpu 1, msr 0:3ffe3041, secondary cpu clock
[    8.449754] mce: CPU supports 0 MCE banks
[    8.452275] x86: Booted up 1 node, 2 CPUs
[    8.453183] smpboot: Total of 2 processors activated (9984.04 BogoMIPS)
[    8.454540] devtmpfs: initialized
[    8.503054] evm: security.selinux
[    8.537582] evm: security.SMACK64
[    8.584717] evm: security.SMACK64EXEC
[    8.629586] evm: security.SMACK64TRANSMUTE
[    8.674893] evm: security.SMACK64MMAP
[    8.721388] evm: security.ima
[    8.761441] evm: security.capability
[    8.804663] clocksource: jiffies: mask: 0xffffffff max_cycles: 0xffffffff, max_idle_ns: 7645041785100000 ns
[    8.860753] futex hash table entries: 512 (order: 3, 32768 bytes)
[    8.861971] pinctrl core: initialized pinctrl subsystem
[    8.863002] RTC time: 18:00:56, date: 02/28/19
[    8.863983] NET: Registered protocol family 16
[    8.880824] cpuidle: using governor ladder
[    8.924600] cpuidle: using governor menu
[    8.965339] PCCT header not found.
[    9.008574] ACPI: bus type PCI registered
[    9.063540] acpiphp: ACPI Hot Plug PCI Controller Driver version: 0.5
[    9.152836] PCI: Using configuration type 1 for base access
[    9.245398] ACPI: Added _OSI(Module Device)
[    9.306610] ACPI: Added _OSI(Processor Device)
[    9.381047] ACPI: Added _OSI(3.0 _SCP Extensions)
[    9.459217] ACPI: Added _OSI(Processor Aggregator Device)
[    9.566690] ACPI: Executed 1 blocks of module-level executable AML code
[    9.685219] ACPI: Interpreter enabled
[    9.749298] ACPI: (supports S0 S5)
[    9.813572] ACPI: Using IOAPIC for interrupt routing
[    9.917326] PCI: Using host bridge windows from ACPI; if necessary, use "pci=nocrs" and report a bug
[    9.950522] ACPI: PCI Root Bridge [PCI0] (domain 0000 [bus 00-ff])
[    9.953235] acpi PNP0A03:00: _OSC: OS supports [ASPM ClockPM Segments MSI]
[    9.954410] acpi PNP0A03:00: _OSC: not requesting OS control; OS requires [ExtendedConfig ASPM ClockPM MSI]
[    9.956130] acpi PNP0A03:00: fail to add MMCONFIG information, can't access extended PCI configuration space under this bridge.
[    9.958422] PCI host bridge to bus 0000:00
[    9.960280] pci_bus 0000:00: root bus resource [io  0x0000-0x0cf7 window]
[    9.961460] pci_bus 0000:00: root bus resource [io  0x0d00-0xffff window]
[    9.988814] pci_bus 0000:00: root bus resource [mem 0x000a0000-0x000bffff window]
[   10.085501] pci_bus 0000:00: root bus resource [mem 0x40000000-0xffdfffff window]
[   10.175229] pci_bus 0000:00: root bus resource [bus 00-ff]
[   10.242710] pci 0000:00:01.1: legacy IDE quirk: reg 0x10: [io  0x01f0-0x01f7]
[   10.342916] pci 0000:00:01.1: legacy IDE quirk: reg 0x14: [io  0x03f6]
[   10.448492] pci 0000:00:01.1: legacy IDE quirk: reg 0x18: [io  0x0170-0x0177]
[   10.600390] pci 0000:00:01.1: legacy IDE quirk: reg 0x1c: [io  0x0376]
[   10.730412] pci 0000:00:07.0: quirk: [io  0x4000-0x403f] claimed by PIIX4 ACPI
[   10.831323] pci 0000:00:07.0: quirk: [io  0x4100-0x410f] claimed by PIIX4 SMB
[   10.841049] ACPI: PCI Interrupt Link [LNKA] (IRQs 5 9 10 *11)
[   10.925864] ACPI: PCI Interrupt Link [LNKB] (IRQs 5 9 10 *11)
[   10.996296] ACPI: PCI Interrupt Link [LNKC] (IRQs 5 9 *10 11)
[   11.046595] ACPI: PCI Interrupt Link [LNKD] (IRQs 5 *9 10 11)
[   11.072574] ACPI: Enabled 2 GPEs in block 00 to 07
[   11.132162] vgaarb: setting as boot device: PCI:0000:00:02.0
[   11.202895] vgaarb: device added: PCI:0000:00:02.0,decodes=io+mem,owns=io+mem,locks=none
[   11.321049] vgaarb: loaded
[   11.366598] vgaarb: bridge control possible 0000:00:02.0
[   11.434814] SCSI subsystem initialized
[   11.494627] ACPI: bus type USB registered
[   11.550360] usbcore: registered new interface driver usbfs
[   11.629494] usbcore: registered new interface driver hub
[   11.679240] usbcore: registered new device driver usb
[   11.701225] PCI: Using ACPI for IRQ routing
[   11.720732] NetLabel: Initializing
[   11.728248] NetLabel:  domain hash size = 128
[   11.742412] NetLabel:  protocols = UNLABELED CIPSOv4
[   11.743326] NetLabel:  unlabeled traffic allowed by default
[   11.744441] amd_nb: Cannot enumerate AMD northbridges
[   11.745424] clocksource: Switched to clocksource kvm-clock
[   11.755864] AppArmor: AppArmor Filesystem Enabled
[   11.762113] pnp: PnP ACPI init
[   11.763383] pnp: PnP ACPI: found 3 devices
[   11.772648] clocksource: acpi_pm: mask: 0xffffff max_cycles: 0xffffff, max_idle_ns: 2085701024 ns
[   11.969591] NET: Registered protocol family 2
[   12.057996] TCP established hash table entries: 8192 (order: 4, 65536 bytes)
[   12.214953] TCP bind hash table entries: 8192 (order: 5, 131072 bytes)
[   12.380028] TCP: Hash tables configured (established 8192 bind 8192)
[   12.487231] UDP hash table entries: 512 (order: 2, 16384 bytes)
[   12.638245] UDP-Lite hash table entries: 512 (order: 2, 16384 bytes)
[   12.800412] NET: Registered protocol family 1
[   12.896652] pci 0000:00:00.0: Limiting direct PCI/PCI transfers
[   13.017281] pci 0000:00:01.0: Activating ISA DMA hang workarounds
[   13.152432] Unpacking initramfs...
[   13.416910] Freeing initrd memory: 14792K
[   13.819397] platform rtc_cmos: registered platform RTC device (no PNP device found)
[   13.990101] Scanning for low memory corruption every 60 seconds
[   14.143157] audit: initializing netlink subsys (disabled)
[   14.262146] audit: type=2000 audit(1551376854.601:1): initialized
[   14.313965] Initialise system trusted keyring
[   14.324740] HugeTLB registered 2 MB page size, pre-allocated 0 pages
[   14.370751] zbud: loaded
[   14.389789] VFS: Disk quotas dquot_6.6.0
[   14.390526] VFS: Dquot-cache hash table entries: 512 (order 0, 4096 bytes)
[   14.391795] squashfs: version 4.0 (2009/01/31) Phillip Lougher
[   14.393082] fuse init (API version 7.23)
[   14.409604] Key type big_key registered
[   14.410308] Allocating IMA MOK and blacklist keyrings.
[   14.412005] Key type asymmetric registered
[   14.429565] Asymmetric key parser 'x509' registered
[   14.430421] Block layer SCSI generic (bsg) driver version 0.4 loaded (major 249)
[   44.431764] io scheduler noop registered
[   14.489488] io scheduler deadline registered (default)
[   14.490362] io scheduler cfq registered
[   14.529456] pci_hotplug: PCI Hot Plug PCI Core version: 0.5
[   14.530376] pciehp: PCI Express Hot Plug Controller Driver version: 0.4
[   14.531499] ACPI: AC Adapter [AC] (on-line)
[   14.532273] input: Power Button as /devices/LNXSYSTM:00/LNXPWRBN:00/input/input0
[   14.550197] ACPI: Power Button [PWRF]
[   14.550928] input: Sleep Button as /devices/LNXSYSTM:00/LNXSLPBN:00/input/input1
[   14.552210] ACPI: Sleep Button [SLPF]
[   14.555468] ACPI: Battery Slot [BAT0] (battery present)
[   14.556344] GHES: HEST is not enabled!
[   14.557124] Serial: 8250/16550 driver, 32 ports, IRQ sharing enabled
[   14.581084] 00:02: ttyS0 at I/O 0x3f8 (irq = 4, base_baud = 115200) is a 16550A
[   14.651051] Linux agpgart interface v0.103
[   14.653169] loop: module loaded
[   14.750018] scsi host0: ata_piix
[   14.789559] scsi host1: ata_piix
[   14.829413] tsc: Refined TSC clocksource calibration: 2492.906 MHz
[   14.839778] clocksource: tsc: mask: 0xffffffffffffffff max_cycles: 0x23ef0c662ed, max_idle_ns: 440795219364 ns
[   14.839859] ata1: PATA max UDMA/33 cmd 0x1f0 ctl 0x3f6 bmdma 0xd000 irq 14
[   14.839860] ata2: PATA max UDMA/33 cmd 0x170 ctl 0x376 bmdma 0xd008 irq 15
[   14.839977] libphy: Fixed MDIO Bus: probed
[   14.839980] tun: Universal TUN/TAP device driver, 1.6
[   14.839980] tun: (C) 1999-2004 Max Krasnyansky <maxk@qualcomm.com>
[   14.840025] PPP generic driver version 2.4.2
[   14.840076] ehci_hcd: USB 2.0 'Enhanced' Host Controller (EHCI) Driver
[   14.840080] ehci-pci: EHCI PCI platform driver
[   14.840095] ehci-platform: EHCI generic platform driver
[   14.840103] ohci_hcd: USB 1.1 'Open' Host Controller (OHCI) Driver
[   14.840108] ohci-pci: OHCI PCI platform driver
[   14.840116] ohci-platform: OHCI generic platform driver
[   14.840124] uhci_hcd: USB Universal Host Controller Interface driver
[   14.840179] i8042: PNP: PS/2 Controller [PNP0303:PS2K,PNP0f03:PS2M] at 0x60,0x64 irq 1,12
[   14.840630] serio: i8042 KBD port at 0x60,0x64 irq 1
[   14.840634] serio: i8042 AUX port at 0x60,0x64 irq 12
[   14.840727] mousedev: PS/2 mouse device common for all mice
[   14.840992] input: AT Translated Set 2 keyboard as /devices/platform/i8042/serio0/input/input2
[   14.841385] rtc_cmos rtc_cmos: rtc core: registered rtc_cmos as rtc0
[   14.841465] rtc_cmos rtc_cmos: alarms up to one day, 114 bytes nvram
[   14.841473] i2c /dev entries driver
[   14.841558] device-mapper: uevent: version 1.0.3
[   14.841639] device-mapper: ioctl: 4.34.0-ioctl (2015-10-28) initialised: dm-devel@redhat.com
[   14.841663] ledtrig-cpu: registered to indicate activity on CPUs
[   14.842184] NET: Registered protocol family 10
[   14.842319] NET: Registered protocol family 17
[   14.842331] Key type dns_resolver registered
[   14.842542] registered taskstats version 1
[   14.842558] Loading compiled-in X.509 certificates
[   14.843123] Loaded X.509 cert 'Build time autogenerated kernel key: 2b5438463a545abf193c13ead155e0657f6c69dd'
[   14.843140] zswap: loaded using pool lzo/zbud
[   14.844496] Key type trusted registered
[   14.847011] Key type encrypted registered
[   14.847016] AppArmor: AppArmor sha1 policy hashing enabled
[   14.847019] ima: No TPM chip found, activating TPM-bypass!
[   14.847023] ima: Allocated hash algorithm: sha1
[   14.847034] evm: HMAC attrs: 0x1
[   14.847284]   Magic number: 7:949:39
[   14.847293] bdi 7:4: hash matches
[   14.849801] rtc_cmos rtc_cmos: setting system clock to 2019-02-28 18:01:02 UTC (1551376862)
[   14.849891] BIOS EDD facility v0.16 2004-Jun-25, 0 devices found
[   14.849891] EDD information not available.
[   15.404919] Freeing unused kernel memory: 1528K
[   15.423506] Write protecting the kernel read-only data: 14336k
[   15.501228] Freeing unused kernel memory: 1664K
[   15.503480] Freeing unused kernel memory: 88K
Loading, please wait...
starting version[   15.517653] random: systemd-udevd: uninitialized urandom read (16 bytes read, 5 bits of entropy available)
 229
[   15.518215] random: udevadm: uninitialized urandom read (16 bytes read, 5 bits of entropy available)
[   15.518231] random: udevadm: uninitialized urandom read (16 bytes read, 5 bits of entropy available)
[   15.525458] random: udevadm: uninitialized urandom read (16 bytes read, 5 bits of entropy available)
[   15.525497] random: udevadm: uninitialized urandom read (16 bytes read, 5 bits of entropy available)
[   15.525619] random: udevadm: uninitialized urandom read (16 bytes read, 5 bits of entropy available)
[   15.525662] random: udevadm: uninitialized urandom read (16 bytes read, 5 bits of entropy available)
[   15.525705] random: udevadm: uninitialized urandom read (16 bytes read, 5 bits of entropy available)
[   15.525747] random: udevadm: uninitialized urandom read (16 bytes read, 5 bits of entropy available)
[   15.525789] random: udevadm: uninitialized urandom read (16 bytes read, 5 bits of entropy available)
[   15.648069] Fusion MPT base driver 3.04.20
[   15.659551] Copyright (c) 1999-2008 LSI Corporation
[   15.664416] e1000: Intel(R) PRO/1000 Network Driver - version 7.3.21-k8-NAPI
[   15.849249] e1000: Copyright (c) 1999-2006 Intel Corporation.
[   15.854262] AVX version of gcm_enc/dec engaged.
[   15.869574] AES CTR mode by8 optimization enabled
[   15.879828] Fusion MPT SPI Host driver 3.04.20
[   16.075910] input: ImExPS/2 Generic Explorer Mouse as /devices/platform/i8042/serio1/input/input4
[   16.233316] e1000 0000:00:03.0 eth0: (PCI:33MHz:32-bit) 02:98:e6:10:aa:4b
[   16.310158] e1000 0000:00:03.0 eth0: Intel(R) PRO/1000 Network Connection
[   16.744515] e1000 0000:00:08.0 eth1: (PCI:33MHz:32-bit) 08:00:27:41:dc:ce
[   16.885682] e1000 0000:00:08.0 eth1: Intel(R) PRO/1000 Network Connection
[   16.963053] mptbase: ioc0: Initiating bringup
[   16.963597] e1000 0000:00:08.0 enp0s8: renamed from eth1
[   17.030489] e1000 0000:00:03.0 enp0s3: renamed from eth0
[   17.105962] ioc0: LSI53C1030 A0: Capabilities={Initiator}
[   17.479513] scsi host2: ioc0: LSI53C1030 A0, FwRev=00000000h, Ports=1, MaxQ=256, IRQ=20
[   17.598989] scsi 2:0:0:0: Direct-Access     VBOX     HARDDISK         1.0  PQ: 0 ANSI: 5
[   17.794486] scsi target2:0:0: Beginning Domain Validation
[   17.878820] scsi target2:0:0: Domain Validation skipping write tests
[   17.980307] scsi target2:0:0: Ending Domain Validation
[   17.994437] scsi target2:0:0: asynchronous
[   18.000642] scsi 2:0:1:0: Direct-Access     VBOX     HARDDISK         1.0  PQ: 0 ANSI: 5
[   18.119568] scsi target2:0:1: Beginning Domain Validation
[   18.180250] scsi target2:0:1: Domain Validation skipping write tests
[   18.319198] scsi target2:0:1: Ending Domain Validation
[   18.443090] scsi target2:0:1: asynchronous
[   18.544802] sd 2:0:0:0: Attached scsi generic sg0 type 0
[   18.624497] sd 2:0:0:0: [sda] 20971520 512-byte logical blocks: (10.7 GB/10.0 GiB)
[   18.729975] sd 2:0:1:0: [sdb] 20480 512-byte logical blocks: (10.5 MB/10.0 MiB)
[   18.730146] sd 2:0:1:0: Attached scsi generic sg1 type 0
[   18.730291] sd 2:0:0:0: [sda] Write Protect is off
[   18.730350] sd 2:0:0:0: [sda] Incomplete mode parameter data
[   18.730351] sd 2:0:0:0: [sda] Assuming drive cache: write through
[   18.738368]  sda: sda1
[   18.738867] sd 2:0:0:0: [sda] Attached SCSI disk
[   19.039782] sd 2:0:1:0: [sdb] Write Protect is off
[   19.279628] sd 2:0:1:0: [sdb] Incomplete mode parameter data
[   19.281630] sd 2:0:1:0: [sdb] Assuming drive cache: write through
[   19.285598] sd 2:0:1:0: [sdb] Attached SCSI disk
Begin: Loading e[   20.643765] md: linear personality registered for level -1
ssential drivers ... [   20.731966] md: multipath personality registered for level -4
[   20.741874] md: raid0 personality registered for level 0
[   20.791035] md: raid1 personality registered for level 1
[   20.865479] raid6: sse2x1   gen()  8481 MB/s
[   20.988779] raid6: sse2x1   xor()  5620 MB/s
[   21.168862] raid6: sse2x2   gen() 10616 MB/s
[   21.277441] raid6: sse2x2   xor()  6939 MB/s
[   21.358787] raid6: sse2x4   gen() 12020 MB/s
[   21.518787] raid6: sse2x4   xor()  8747 MB/s
[   21.699181] raid6: using algorithm sse2x4 gen() 12020 MB/s
[   21.789441] raid6: .... xor() 8747 MB/s, rmw enabled
[   21.839245] raid6: using ssse3x2 recovery algorithm
[   21.910748] xor: automatically using best checksumming function:
[   21.953493]    avx       : 20055.000 MB/sec
[   21.996801] async_tx: api initialized (async)
[   22.205495] md: raid6 personality registered for level 6
[   22.339229] md: raid5 personality registered for level 5
[   22.379506] md: raid4 personality registered for level 4
[   22.404714] md: raid10 personality registered for level 10
done.
Begin: Running /scripts/init-premount ... done.
Begin: Mounting root file system ... Begin: Running /scripts/local-top ... done.
Begin: Running /scripts/local-premount ... [   22.468550] Btrfs loaded
Scanning for Btrfs filesystems
done.
Warning: fsck not present, so skipping root file system
[   22.551299] EXT4-fs (sda1): mounted filesystem with ordered data mode. Opts: (null)
done.
Begin: Running /scripts/local-bottom ... done.
Begin: Running /scripts/init-bottom ... done.
[   22.652321] systemd[1]: systemd 229 running in system mode. (+PAM +AUDIT +SELINUX +IMA +APPARMOR +SMACK +SYSVINIT +UTMP +LIBCRYPTSETUP +GCRYPT +GNUTLS +ACL +XZ -LZ4 +SECCOMP +BLKID +ELFUTILS +KMOD -IDN)
[   22.666255] systemd[1]: Detected virtualization oracle.
[   22.667120] systemd[1]: Detected architecture x86-64.

Welcome to [1mUbuntu 16.04.5 LTS[0m!

[   22.671205] systemd[1]: Set hostname to <ubuntu>.
[   22.674096] systemd[1]: Initializing machine ID from random generator.
[   22.819628] systemd[1]: Installed transient /etc/machine-id file.
[   22.951735] systemd[1]: Reached target System Time Synchronized.
[[0;32m  OK  [0m] Reached target System Time Synchronized.
[   22.958022] systemd[1]: Listening on /dev/initctl Compatibility Named Pipe.
[[0;32m  OK  [0m] Listening on /dev/initctl Compatibility Named Pipe.
[   22.965795] systedd[1]: Listening on Journal Audit Socket.
[[0;32m  OK  [0m] Listening on Journal Audit Socket.
[   23.174422] systemd[1]: Started Trigger resolvconf update for networkd DNS.
[[0;32m  OK  [0m] Started Trigger resolvconf update for networkd DNS.
[   23.176703] systemd[1]: Created slice System Slice.
[[0;32m  OK  [0m] Created slice System Slice.
[   23.181221] systemd[1]: Created slice system-serial\x2dgetty.slice.
[[0;32m  OK  [0m] Created slice system-serial\x2dgetty.slice.
[   23.183282] systemd[1]: Listening on Device-mapper event daemon FIFOs.
[[0;32m  OK  [0m] Listening on Device-mapper event daemon FIFOs.
[   23.185339] systemd[1]: Listening on Journal Socket.
[[0;32m  OK  [0m] Listening on Journal Socket.
[   23.197578] systemd[1]: Starting Create list of required static device nodes for the current kernel...
         Starting Create list of required st... nodes for the current kernel...
[   23.213568] systemd[1]: Starting Load Kernel Modules...
[   23.226511] Loading iSCSI transport class v2.0-870.
         Starting Load Kernel Modules...
[   23.235379] systemd[1]: Mounting POSIX Message Queue File System...
         Mounting POSIX Message Queue File System...
[   23.242608] systemd[1]: Starting Set console keymap...
         Starting Set console keymap...
[   23.248313] systemd[1]: Starting Remount Root and Kernel File Systems...
[   23.251032] EXT4-fs (sda1): re-mounted. Opts: (null)
         Starting Remount Root and Kernel File Systems...
[   23.256794] systemd[1]: Listening on LVM2 metadata daemon socket.
[[0;32m  OK  [[   23.267560] iscsi: registered transport (tcp)
0m] Listening on LVM2 metadata daemon socket.
[   23.275119] systemd[1]: Starting Monitoring of LVM2 mirrors, snapshots etc. using dmeventd or progress polling...
         Starting Monitoring of LVM2 mirrors... dmeventd or prog[   23.305987] iscsi: registered transport (iser)
ress polling...
[   23.525677] systemd[1]: Starting Uncomplicated firewall...
[   23.526267] random: nonblocking pool is initialized
         Starting Uncomplicated firewall...
[   23.992419] systemd[1]: Listening on udev Control Socket.
[[0;32m  OK  [0m] Listening on udev Control Socket.
[   24.037634] systemd[1]: Mounting Debug File System...
         Mounting Debug File System...
[   24.116934] systemd[1]: Listening on LVM2 poll daemon socket.
[[0;32m  OK  [0m] Listening on LVM2 poll daemon socket.
[   24.125906] systemd[1]: Reached target Encrypted Volumes.
[[0;32m  OK  [0m] Reached target Encrypted Volumes.
[   24.502596] systemd[1]: Listening on Syslog Socket.
[[0;32m  OK  [0m] Listening on Syslog Socket.
[   24.504320] systemd[1]: Listening on Journal Socket (/dev/log).
[[0;32m  OK  [0m] Listening on Journal Socket (/dev/log).
[   24.517702] systemd[1]: Stariing Journal Service...
         Starting Journal Service...
[   24.931266] systemd[1]: Listening on udev Kernel Socket.
[[0;32m  OK  [0m] Listening on udev Kernel Socket.
[   24.961836] systemd[1]: Mounting Huge Pages File System...
         Mounting Huge Pages File System...
[   25.052554] systemd[1]: Reached target User and Group Name Lookups.
[[0;32m  OK  [0m] Reached target User and Group Name Lookups.
[   25.056137] systemd[1]: Reached target Swap.
[[0;32m  OK  [0m] Reached target Swap.
[   25.059228] systemd[1]: Starting Nameserver information manager...
         Starting Nameserver information manager...
[   25.072940] systemd[1]: Set up automount Arbitrary Executable File Formats File System Automount Point.
[[0;32m  OK  [0m] Set up automount Arbitrary Executab...ats File System Automount Point.
[   25.111876] systemd[1]: Started Forward Password Requests to Wall Directory Watch.
[[0;32m  OK  [0m] Started Forward Password Requests to Wall Directory Watch.
[   25.141445] systemd[1]: Created slice User and Session Slice.
[[0;32m  OK  [0m] Created slice User and Session Slice.
[   25.161613] systemd[1]: Reached target Slices.
[[0;32m  OK  [0m] Reached target Slices.
[   25.202387] systemd[1]: Mounted Debug File System.
[[0;32m  OK  [0m] Mounted Debug File System.
[   25.237967] systemd[1]: Mounted POSIX Message Queue File System.
[[0;32m  OK  [0m] Mounted POSIX Message Queue File System.
[   25.310597] systemd[1]: Mounted Huge Pages File System.
[[0;32m  OK  [0m] Mounted Huge Pages File System.
[   25.312420] systemd[1]: Started Journal Service.
[[0;32m  OK  [0m] Started Journal Service.
[[0;32m  OK  [0m] Started Create list of required sta...ce nodes for the current kernel.
[[0;32m  OK  [0m] Started Load Kernel Modules.
[[0;32m  OK  [0m] Started Set console keymap.
[[0;32m  OK  [0m] Started Remount Root and Kernel File Systems.
[[0;32m  OK  [0m] Started Uncomplicated firewall.
[[0;32m  OK  [0m] Started Nameserver information manager.
[[0;32m  OK  [0m] Started LVM2 metadata daemon.
         Starting udev Coldplug all Devices...
         Starting Load/Save Random Seed...
         Mounting FUSE Control File System...
         Starting Apply Kernel Variables...
         Starting Create Static Device Nodes in /dev...
         Starting Flush Journal to Persistent Storage...
[[0;32m  OK  [0m] Mounted FUSE Control File System.
[[0;32m  OK  [0m] Started Load/Save Random Seed.
[[0;32m  OK  [0m] Started Apply Kernel Variables.
[[0;32m  OK  [0m] Started Create Static Device Nodes in /dev.
[[0;32m  OK  [0m] Started udev Coldplug all Devices.
[[0;32m  OK  [0m] Started Flush Journal to Persistent Storage.
         Starting udev Kernel Device Manager...
[[0;32m  OK  [0m] Started udev Kernel Device Manager.
[[0;32m  OK  [0m] Started Dispatch Password Requests to Console Directory Watch.
[[0;32m  OK  [0m] Found device /dev/ttyS0.
[[0;32m  OK  [0m] Listening on Load/Save RF Kill Switch Status /dev/rfkill Watch.
[[0;32m  OK  [0m] Started Monitoring of LVM2 mirrors,...ng dmeventd or progress polling.
[[0;32m  OK  [0m] Reached target Local File Systems (Pre).
[[0;32m  OK  [0m] Reached target Local File Systems.
         Starting Initial cloud-init job (pre-networking)...
         Starting Create Volatile Files and Directories...
         Starting Set console font and keymap...
         Starting Commit a transient machine-id on disk...
         Starting Tell Plymouth To Write Out Runtime Data...
         Starting LSB: AppArmor initialization...
[[0;32m  OK  [0m] Started Create Volatile Files and Directories.
[[0;32m  OK  [0m] Started Tell Plymouth To Write Out Runtime Data.
[[0;32m  OK  [0m] Started Commit a transient machine-id on disk.
         Starting Update UTMP about System Boot/Shutdown...
[[0;32m  OK  [0m] Started Update UTMP about System Boot/Shutdown.
[[0;32m  OK  [0m] Started Set console font and keymap.
[[0;32m  OK  [0m] Created slice system-getty.slice.
[   16.005922] cloud-init[596]: Cloud-init v. 18.4-0ubuntu1~16.04.2 running 'init-local' at Thu, 28 Feb 2019 18:01:14 +0000. Up 15.64 seconds.
[[0;32m  OK  [0m] Started Initial cloud-init job (pre-networking).
[[0;32m  OK  [0m] Started LSB: AppArmor initialization.
[[0;32m  OK  [0m] Reached target Network (Pre).
         Starting Raise network interfaces...
[[0;32m  OK  [0m] Started Raise network interfaces.
[[0;32m  OK  [0m] Reached target Network.
         Starting Initial cloud-init job (metadata service crawler)...
[   17.658469] cloud-init[942]: Cloud-init v. 18.4-0ubuntu1~16.04.2 running 'init' at Thu, 28 Feb 2019 18:01:15 +0000. Up 16.93 seconds.
[[0;32m  OK  [0m] Started Initial cloud-init job (metadata service crawler).
[[0;32m  OK  [0m] Reached target Network is Online.
[   17.762563] cloud-init[942]: ci-info: ++++++++++++++++++++++++++++++++++++++Net device info+++++++++++++++++++++++++++++++++++++++
[   17.844537]          cloud-initStarting iSCSI initiator daemon (iscsid)...[942]: 
ci-info: +--------+-------+----------------------------+---------------+--------+-------------------+
[   17.864205] [cloud-init[0;32m  OK  [0m[942]: ] ci-info: | Device |   Up  |          Address           |      Mask     | Scope  |     Hw-Address    |Reached target Cloud-config availability.

[   17.864645] [cloud-init[0;32m  OK  [0m[942]: ] ci-info: +--------+-------+----------------------------+---------------+--------+-------------------+Reached target System Initialization.

[   17.921120] [cloud-init[0;32m  OK  [0m[942]: ] ci-info: | enp0s3 |  True |         10.0.2.15          | 255.255.255.0 | global | 02:98:e6:10:aa:4b |Listening on D-Bus System Message Bus Socket.

         Starting Socket activation for snappy daemon.
[[0;32m  OK  [0m] Started Daily Cleanup of Temporary Directories.
[   17.921563] cloud-init[942]: ci-info: | enp0s3 |  True | fe80::98:e6ff:fe10:aa4b/64 |       .       |  link  | 02:98:e6:10:aa:4b |
[   17.985026]          cloud-initStarting LXD - unix socket.[942]: 
ci-info: | enp0s8 | False |             .              |       .       |   .    | 08:00:27:41:dc:ce |
[   18.048736] [cloud-init[0;32m  OK  [0m[942]: ] ci-info: |   lo   |  True |         127.0.0.1          |   255.0.0.0   |  host  |         .         |Started Daily apt download activities.

[   18.049134] cloud-init[942]: ci-info: |   lo   |  True |          ::1/128           |       .       |  host  |         .         |
[   18.060109] [cloud-init[0;32m  OK  [0m[942]: ] ci-info: +--------+-------+----------------------------+---------------+--------+-------------------+Started ACPI Events Check.

[[0;32m  OK  [0m] Reached target Paths.
[[0;32m  OK  [0m] Started Daily apt upgrade and clean activities.
[[0;32m  OK  [0m] Reached target Timers.
[[0;32m  OK  [0m] Listening on UUID daemon activation socket.
[[0;32m  OK  [0m] Listening on ACPID Listen Socket.
[   18.060435] cloud-init[942]: ci-info: +++++++++++++++++++++++++++Route IPv4 info++++++++++++++++++++++++++++
[   18.090856] [[0;32m  OK  [0m] Listening on Socket activation for snappy daemon.
cloud-init[942]: ci-info: +-------+-------------+----------+---------------+-----------+-------+[
[0;32m  OK  [0m] Listening on LXD - unix socket.
[[0;32m  OK  [0m] Started iSCSI initiator daemon (iscsid).
[   18.091449] cloud-init[942]: ci-info: | Route | Destination | Gateway  |    Genmask    | Interface | Flags |
[   18.098176] cloud-init[942]: ci-info: +-------+-------------+----------+---------------+-----------+-------+
[   18.103652] cloud-init[942]: ci-info: |   0   |   0.0.0.0   | 10.0.2.2 |    0.0.0.0    |   enp0s3  |   UG  |
[   18.106101] cloud-init[942]: ci-info: |   1   |   10.0.2.0  | 0.0.0.0  | 255.255.255.0 |   enp0s3  |   U   |
[   18.132866]          cloud-initStarting Login to default iSCSI targets...[942]: 
ci-info: +-------+-------------+----------+---------------+-----------+-------+
[   18.152424] [[0;32m  OK  [0m] Reached target Sockets.
[[0;32m  OK  [0m] Reached target Basic System.
cloud-init[942]: ci-info: +++++++++++++++++++Route IPv6 info+++++++++++++++++++
[   18.163043] cloud-init[942]: ci-info: +-------+-------------+---------+-----------+-------+
[   18.182186]          cloud-initStarting System Logging Service...[942]: 
ci-info: | Route | Destination | Gateway | Interface | Flags |
[   18.186941]          cloud-initStarting /etc/rc.local Compatibility...[942]: 
ci-info: +-------+-------------+---------+-----------+-------+
[   18.199769]          Starting LSB: Record successful boot for GRUB...
cloud-init[942]: ci-info: |   0   |  fe80::/64  |    ::   |   enp0s3  |   U   |
[[0;32m  OK  [0m] Started FUSE filesystem for LXC.
[   18.225533] cloud-init[942]: ci-info: |   3   |   ff00::/8  |    ::   |   enp0s3  |   U   |
[   18.303604] [cloud-init[0;32m  OK  [0m[942]: ] ci-info: +-------+-------------+---------+-----------+-------+Started Regular background program processing daemon.

[   18.303950] cloud-init[942]: Generating public/private rsa key pair.
[   18.370534] cloud-init[942]: Your identification has been saved in /etc/ssh/ssh_host_rsa_key.
[   18.372074] cloud-init[942]: Your public key has been saved in /etc/ssh/ssh_host_rsa_key.pub.
[   18.374938] cloud-init[942]: The key fingerprint is:
[   18.376977] cloud-init[942]: SHA256:j7iGz+QkbV8KrH9j9HQ0uCXgQMIRnR/YX15iFr5Fz4A root@ubuntu-xenial
[   18.428539] [cloud-init[0;32m  OK  [0m[942]: ] The key's randomart image is:Started D-Bus System Message Bus.

[   18.428952] cloud-init[942]: +---[RSA 2048]----+
[   18.471812] cloud-init[942]: |   .+=.+    .oo  |
[   18.484900]          cloud-initStarting Virtualbox guest utils...[942]: 
|    ..= +  .E..+ |
[   18.487830] cloud-init[942]: |       + + *.o. o|
[   18.500366]          cloud-initStarting LSB: MD monitoring daemon...[942]: 
|        o + =o   |
         Starting LXD - container startup/shutdown...
[   18.516345]          Starting Pollinate to seed the pseudo random number generator...
cloud-init[942]: |        S  =..   |
[[0;32m  OK  [0m] Started ACPI event daemon.
[   18.533046] cloud-init[942]: |     o ..oo .    |
[   18.576907]          cloud-initStarting Login Service...[942]: 
|    ..O..oo.     |
[   18.611655] [cloud-init[0;32m  OK  [0m[942]: ] |    .O.++o.      |Started Unattended Upgrades Shutdown.

[   18.612041] cloud-init[942]: |    .+*oo.       |
[   18.616730] cloud-init[942]: +----[SHA256]-----+
         Starting Accounts Service...
[   18.629309] cloud-init[942]: Generating public/private dsa key pair.
[   18.696295] [cloud-init[0;32m  OK  [0m[942]: ] Your identification has been saved in /etc/ssh/ssh_host_dsa_key.Started Deferred execution scheduler.

[   18.696676] cloud-init[942]: Your public key has been saved in /etc/ssh/ssh_host_dsa_key.pub.
[   18.775712] cloud-init[942]: The key fingerprint is:
[   18.787466]          cloud-initStarting Snappy daemon...[942]: 
SHA256:LX2aU9OUOTLnm3Uo7YaHbkngvUPsShq5PCYon1LwyYw root@ubuntu-xenial
[   18.824355] [cloud-init[0;32m  OK  [0m[942]: ] The key's randomart image is:Started System Logging Service.

[   18.824839] cloud-init[942]: +---[DSA 1024]----+
[   18.865974] [cloud-init[0;32m  OK  [0m[942]: ] |                 |Started /etc/rc.local Compatibility.

[   18.866328] cloud-init[942]: |               o |
[   18.902286] [cloud-init[0;32m  OK  [0m[942]: ] |            o *  |Started LXD - container startup/shutdown.

[   18.902769] cloud-init[942]: |  .      o.  O o |
[   18.964253] [cloud-init[0;32m  OK  [0m[942]: ] |   * .  S.o+= = o|Started Snappy daemon.

[   18.964651] cloud-init[942]: |  E *    o.==* +.|
[   18.982824] cloud-init[942]: |   . .  o =+oo*  |
[   19.009696] [cloud-init[0;32m  OK  [0m[942]: ] |  o ....o= o*o   |Started Login to default iSCSI targets.

[   19.010157] cloud-init[942]: |   +o  o+..o..   |
[[0;32m  OK  [0m] Started LSB: Record successful boot for GRUB.
[   19.032315] cloud-init[942]: +----[SHA256]-----+
[   19.036257] cloud-init[942]: Generating public/private ecdsa key pair.
[   19.040396] cloud-init[942]: Your identification has been saved in /etc/ssh/ssh_host_ecdsa_key.
[   19.057323] cloud-init[942]: Your public key has been saved in /etc/ssh/ssh_host_ecdsa_key.pub.
[[   19.081170] cloud-init[942]: The key fingerprint is:
[   19.081553] cloud-init[942]: SHA256:bR/E7jf3uy+983cRGiBgSy1fVh0K4HEVVJ3TqzQ7dUI root@ubuntu-xenial
[   19.081681] cloud-init[942]: The key's randomart image is:
[   19.081813] cloud-init[942]: +---[ECDSA 256]---+
[   19.081949] cloud-init[942]: |       +oo.o+=+o=|
[   19.082083] cloud-init[942]: |      o.ooo=. E+o|
[   19.082218] cloud-init[942]: |       .o.+ +o  o|
[   19.082352] cloud-init[942]: |         o o +.+.|
[   19.082486] cloud-init[942]: |        S o + B.o|
[   19.082631] cloud-init[942]: |         . o * . |
[   19.082757] cloud-init[942]: |            o +.o|
[   19.082901] cloud-init[942]: |             ..+=|
[   19.083027] cloud-init[942]: |               =&|
[   19.083164] cloud-init[942]: +----[SHA256]-----+
[   19.083295] cloud-init[942]: Generating public/private ed25519 key pair.
[0;32m  OK  [0m] Started LSB: MD monitoring daemon.
[   19.083445] cloud-init[942]: Your identification has been saved in /etc/ssh/ssh_host_ed25519_key.
[   19.216246] cloud-init[942]: Your public key has been saved in /etc/ssh/ssh_host_ed25519_key.pub.
[   19.216463] cloud-init[942]: The key fingerprint is:
[[0;32m  OK  [0m] Started Virtualbox guest utils.
[   19.216596] cloud-init[942]: SHA256:E3bEf2SSLRPAGsvy6Z3hfDdCI4XRaHG+9U251Gxdffc root@ubuntu-xenial
[   19.315445] cloud-init[942]: The key's randomart image is:
[   19.315707] cloud-init[942]: +--[ED25519 256]--+
[   19.315847] cloud-init[942]: |         o+=o+  o|
[   19.315975] cloud-init[942]: |        ..*o* +.O|
[   19.316777] cloud-init[942]: |       .o=.+.*.oX|
[   19.316862] cloud-init[942]: |      ..+o. ooo+E|
[   19.316994] cloud-init[942]: |       oS. ... .o|
[   19.317130] cloud-init[942]: |        o.o o    |
[   19.317267] cloud-init[942]: |       . + = .   |
[   19.317400] cloud-init[942]: |        . = o o  |
[   19.317531] cloud-init[942]: |           . o . |
[[0;32m  OK  [0m] Started Login Service.
[[0;32m  OK  [0m] Started Pollinate to seed the pseudo random number generator.
[   19.317583] cloud-init[942]: +----[SHA256]-----+
         Starting OpenBSD Secure Shell server...
         Starting Authenticate and Authorize Users to Run Privileged Tasks...
[[0;32m  OK  [0m] Reached target Remote File Systems (Pre).
[[0;32m  OK  [0m] Reached target Remote File Systems.
         Starting LSB: daemon to balance interrupts for SMP systems...
         Starting Permit User Sessions...
         Starting LSB: Set the CPU Frequency Scaling governor to "ondemand"...
         Starting LSB: automatic crash report generation...
         Starting Wait until snapd is fully seeded...
[[0;32m  OK  [0m] Started Permit User Sessions.
[[0;32m  OK  [0m] Started Authenticate and Authorize Users to Run Privileged Tasks.
[[0;32m  OK  [0m] Started OpenBSD Secure Shell server.
[[0;32m  OK  [0m] Started Accounts Service.
         Starting Hold until boot process finishes up...
         Starting Terminate Plymouth Boot Screen...
[[0;32m  OK  [0m] Started LSB: daemon to balance interrupts for SMP systems.
[[0;32m  OK  [0m] Started LSB: Set the CPU Frequency Scaling governor to "ondemand".
[[0;32m  OK  [0m] Started LSB: automatic crash report generation.
[[0;32m  OK  [0m] Started Hold until boot process finishes up.
[[0;32m  OK  [0m] Started Terminate Plymouth Boot Screen.
[[0;32m  OK  [0m] Started Getty on tty1.
         Starting Set console scheme...
[[0;32m  OK  [0m] Started Serial Getty on ttyS0.
[[0;32m  OK  [0m] Reached target Login Prompts.
[[0;32m  OK  [0m] Started Set console scheme.
[[0;32m  OK  [0m] Created slice User Slice of vagrant.
         Starting User Manager for UID 1000...
[[0;32m  OK  [0m] Started User Manager for UID 1000.
[[0;32m  OK  [0m] Started Session 1 of user vagrant.
[[0;32m  OK  [0m] Started Wait until snapd is fully seeded.
[[0;32m  OK  [0m] Reached target Multi-User System.
[[0;32m  OK  [0m] Reached target Graphical Interface.
         Starting Update UTMP about System Runlevel Changes...
         Starting Apply the settings specified in cloud-config...
[[0;32m  OK  [0m] Started Update UTMP about System Runlevel Changes.
[   24.254164] cloud-init[1425]: Generating locales (this might take a while)...
         Stopping User Manager for UID 1000...
[[0;32m  OK  [0m] Stopped User Manager for UID 1000.
[[0;32m  OK  [0m] Removed slice User Slice of vagrant.
[   25.055618] cloud-init[1425]:   en_US.UTF-8... done
[   25.056258] cloud-init[1425]: Generation complete.
[   25.321150] cloud-init[1425]: Cloud-init v. 18.4-0ubuntu1~16.04.2 running 'modules:config' at Thu, 28 Feb 2019 18:01:22 +0000. Up 24.13 seconds.
ci-info: no authorized ssh keys fingerprints found for user ubuntu.
<14>Feb 28 18:01:24 ec2: 
<14>Feb 28 18:01:24 ec2: #############################################################
<14>Feb 28 18:01:24 ec2: -----BEGIN SSH HOST KEY FINGERPRINTS-----
<14>Feb 28 18:01:24 ec2: 1024 SHA256:LX2aU9OUOTLnm3Uo7YaHbkngvUPsShq5PCYon1LwyYw root@ubuntu-xenial (DSA)
<14>Feb 28 18:01:24 ec2: 256 SHA256:bR/E7jf3uy+983cRGiBgSy1fVh0K4HEVVJ3TqzQ7dUI root@ubuntu-xenial (ECDSA)
<14>Feb 28 18:01:24 ec2: 256 SHA256:E3bEf2SSLRPAGsvy6Z3hfDdCI4XRaHG+9U251Gxdffc root@ubuntu-xenial (ED25519)
<14>Feb 28 18:01:24 ec2: 2048 SHA256:j7iGz+QkbV8KrH9j9HQ0uCXgQMIRnR/YX15iFr5Fz4A root@ubuntu-xenial (RSA)
<14>Feb 28 18:01:24 ec2: -----END SSH HOST KEY FINGERPRINTS-----
<14>Feb 28 18:01:24 ec2: #############################################################
-----BEGIN SSH HOST KEY KEYS-----
ecdsa-sha2-nistp256 AAAAE2VjZHNhLXNoYTItbmlzdHAyNTYAAAAIbmlzdHAyNTYAAABBBIHU6+MZv1/9bgxKYJniql9AA6Rkd8+V3t3wYmKMFXFy+0WJVP9Hykdt7+u8AoUA45BXMT7Z+stcW0s7ouk8q/8= root@ubuntu-xenial
ssh-ed25519 AAAAC3NzaC1lZDI1NTE5AAAAIBNe1f1yo6do6ZtvgSPlGdHaPCODvUEm8/zWvm9NCYx8 root@ubuntu-xenial
ssh-rsa AAAAB3NzaC1yc2EAAAADAQABAAABAQDSNcSWTGFVPbxYXbeMNj3ZBHLeahch853qNeHFTe1JekJLcZquKfQhgFfUCv8ZOAz11KdXzn515e8tvidwKUBt0rBO/NrrjcOiaXZQmK3N8Q0kbn/lIlGQWAkGg3Y+F/+hzOLAoBpeOnLLa6Zp3bK+jkt7LpTYgpArfPn1NDQhGboXr/aNZo6T46nENgvQ5C9zS+v2m2FOm7drjz5nM8ditGdaaiQSLsRRGbAexJPwP887vCSaVdVttvZuR0XPKUh27e9/2gQn+lGYmif/IcmEtzu1ocYHpyRzxCD4UrMvitGnjmnvHCUcoi5lS4GzHVQ5AHfDykdvCKQkWBz5dydt root@ubuntu-xenial
-----END SSH HOST KEY KEYS-----
[   25.741722] cloud-init[1553]: Cloud-init v. 18.4-0ubuntu1~16.04.2 running 'modules:final' at Thu, 28 Feb 2019 18:01:24 +0000. Up 25.61 seconds.
[   25.744036] cloud-init[1553]: ci-info: no authorized ssh keys fingerprints found for user ubuntu.
[   25.752075] cloud-init[1553]: Cloud-init v. 18.4-0ubuntu1~16.04.2 finished at Thu, 28 Feb 2019 18:01:24 +0000. Datasource DataSourceNoCloud [seed=/dev/sdb][dsmode=net].  Up 25.73 seconds

Ubuntu 16.04.5 LTS ubuntu-xenial ttyS0

ubuntu-xenial login: 